<?xml version="1.0" encoding="UTF-8"?>
<!-- Generated by org.testng.reporters.JUnitReportReporter -->
<testsuite hostname="DESKTOP-LLMSC2K" failures="0" tests="1" name="TestNG.TestNG_Action_Copy_Paste" time="4.662" errors="0" timestamp="2023-01-18T18:14:20 IST" skipped="0">
  <testcase classname="TestNG.TestNG_Action_Copy_Paste" name="test" time="4.662"/>
  <system-out/>
</testsuite> <!-- TestNG.TestNG_Action_Copy_Paste -->
