<?xml version="1.0" encoding="UTF-8"?>
<!-- Generated by org.testng.reporters.JUnitReportReporter -->
<testsuite hostname="DESKTOP-LLMSC2K" failures="0" tests="1" name="TestNG.TestNG_Action_Q_Ebay" time="27.214" errors="0" timestamp="2023-01-29T19:50:20 IST" skipped="0">
  <testcase classname="TestNG.TestNG_Action_Q_Ebay" name="test" time="27.214"/>
  <system-out/>
</testsuite> <!-- TestNG.TestNG_Action_Q_Ebay -->
