<?xml version="1.0" encoding="UTF-8"?>
<!-- Generated by org.testng.reporters.JUnitReportReporter -->
<testsuite hostname="DESKTOP-LLMSC2K" failures="0" tests="1" name="TestNG.TestNG_Action" time="36.569" errors="0" timestamp="2023-01-17T14:17:00 IST" skipped="0">
  <testcase classname="TestNG.TestNG_Action" name="test" time="36.569"/>
  <system-out/>
</testsuite> <!-- TestNG.TestNG_Action -->
