<?xml version="1.0" encoding="UTF-8"?>
<!-- Generated by org.testng.reporters.JUnitReportReporter -->
<testsuite hostname="DESKTOP-LLMSC2K" failures="0" tests="1" name="TestNG.TestNG_Action_Q_MultiTab_Switch" time="14.159" errors="0" timestamp="2023-01-19T18:33:42 IST" skipped="0">
  <testcase classname="TestNG.TestNG_Action_Q_MultiTab_Switch" name="test" time="14.159"/>
  <system-out/>
</testsuite> <!-- TestNG.TestNG_Action_Q_MultiTab_Switch -->
