<?xml version="1.0" encoding="UTF-8"?>
<!-- Generated by org.testng.reporters.JUnitReportReporter -->
<testsuite hostname="DESKTOP-LLMSC2K" failures="0" tests="1" name="TestNG.TestNG_Action_Q_FileUpload" time="0.792" errors="0" timestamp="2023-01-20T14:16:40 IST" skipped="0">
  <testcase classname="TestNG.TestNG_Action_Q_FileUpload" name="test" time="0.792"/>
  <system-out/>
</testsuite> <!-- TestNG.TestNG_Action_Q_FileUpload -->
