<?xml version="1.0" encoding="UTF-8"?>
<!-- Generated by org.testng.reporters.JUnitReportReporter -->
<testsuite hostname="DESKTOP-LLMSC2K" failures="0" tests="2" name="TestNG.TestNG_demo_grouping" time="0.024" errors="0" timestamp="2023-01-15T14:44:27 IST" skipped="0">
  <testcase classname="TestNG.TestNG_demo_grouping" name="test5" time="0.006"/>
  <system-out/>
  <testcase classname="TestNG.TestNG_demo_grouping" name="test1" time="0.018"/>
  <system-out/>
</testsuite> <!-- TestNG.TestNG_demo_grouping -->
