<?xml version="1.0" encoding="UTF-8"?>
<!-- Generated by org.testng.reporters.JUnitReportReporter -->
<testsuite hostname="DESKTOP-LLMSC2K" failures="0" tests="1" name="TestNG.TestNG_Action_FileUpload_RobotClass" time="5.050" errors="0" timestamp="2023-01-23T14:18:19 IST" skipped="0">
  <testcase classname="TestNG.TestNG_Action_FileUpload_RobotClass" name="test" time="5.050"/>
  <system-out/>
</testsuite> <!-- TestNG.TestNG_Action_FileUpload_RobotClass -->
