<?xml version="1.0" encoding="UTF-8"?>
<!-- Generated by org.testng.reporters.JUnitReportReporter -->
<testsuite hostname="DESKTOP-LLMSC2K" failures="0" tests="1" name="POM_Test.Fb_Login_Forgot_Password_Test" time="6.581" errors="0" timestamp="2023-01-27T09:42:49 IST" skipped="0">
  <testcase classname="POM_Test.Fb_Login_Forgot_Password_Test" name="test" time="6.581"/>
  <system-out/>
</testsuite> <!-- POM_Test.Fb_Login_Forgot_Password_Test -->
