<?xml version="1.0" encoding="UTF-8"?>
<!-- Generated by org.testng.reporters.JUnitReportReporter -->
<testsuite hostname="DESKTOP-LLMSC2K" failures="0" tests="1" name="POM_Test.Fb_Login_Test" time="7.026" errors="0" timestamp="2023-01-25T14:22:37 IST" skipped="0">
  <testcase classname="POM_Test.Fb_Login_Test" name="test" time="7.026"/>
  <system-out/>
</testsuite> <!-- POM_Test.Fb_Login_Test -->
