<?xml version="1.0" encoding="UTF-8"?>
<!-- Generated by org.testng.reporters.JUnitReportReporter -->
<testsuite hostname="DESKTOP-LLMSC2K" failures="0" tests="1" name="TestNG.TestNG_DataDriven_fblogin" time="28.281" errors="0" timestamp="2023-01-20T11:49:05 IST" skipped="0">
  <testcase classname="TestNG.TestNG_DataDriven_fblogin" name="test" time="28.281"/>
  <system-out/>
</testsuite> <!-- TestNG.TestNG_DataDriven_fblogin -->
