<?xml version="1.0" encoding="UTF-8"?>
<!-- Generated by org.testng.reporters.JUnitReportReporter -->
<testsuite hostname="DESKTOP-LLMSC2K" failures="0" tests="1" name="TestNG.TestNG_Action_RightClick_DoubleClick" time="17.272" errors="0" timestamp="2023-01-19T17:14:55 IST" skipped="0">
  <testcase classname="TestNG.TestNG_Action_RightClick_DoubleClick" name="test" time="17.272"/>
  <system-out/>
</testsuite> <!-- TestNG.TestNG_Action_RightClick_DoubleClick -->
