<?xml version="1.0" encoding="UTF-8"?>
<!-- Generated by org.testng.reporters.JUnitReportReporter -->
<testsuite hostname="DESKTOP-LLMSC2K" failures="0" tests="1" name="TestNG.TestNG_Action_FileUpload_AutoIT" time="6.583" errors="0" timestamp="2023-01-21T22:46:06 IST" skipped="0">
  <testcase classname="TestNG.TestNG_Action_FileUpload_AutoIT" name="test" time="6.583"/>
  <system-out/>
</testsuite> <!-- TestNG.TestNG_Action_FileUpload_AutoIT -->
