<?xml version="1.0" encoding="UTF-8"?>
<!-- Generated by org.testng.reporters.JUnitReportReporter -->
<testsuite hostname="DESKTOP-LLMSC2K" failures="0" tests="1" name="TestNG.TestNG_Action_Drag_Drop" time="19.833" errors="0" timestamp="2023-01-29T17:52:34 IST" skipped="0">
  <testcase classname="TestNG.TestNG_Action_Drag_Drop" name="test" time="19.833"/>
  <system-out/>
</testsuite> <!-- TestNG.TestNG_Action_Drag_Drop -->
