<?xml version="1.0" encoding="UTF-8"?>
<!-- Generated by org.testng.reporters.JUnitReportReporter -->
<testsuite hostname="DESKTOP-LLMSC2K" failures="0" tests="1" name="TestNG.TestNG_parameterization_Q_reddifmail" time="8.926" errors="0" timestamp="2023-01-21T13:58:35 IST" skipped="0">
  <testcase classname="TestNG.TestNG_parameterization_Q_reddifmail" name="rediffpage" time="8.926"/>
  <system-out/>
</testsuite> <!-- TestNG.TestNG_parameterization_Q_reddifmail -->
