<?xml version="1.0" encoding="UTF-8"?>
<!-- Generated by org.testng.reporters.JUnitReportReporter -->
<testsuite hostname="DESKTOP-LLMSC2K" failures="0" tests="2" name="TestNG.Zz_practice" time="1.437" errors="0" timestamp="2023-01-20T00:21:12 IST" skipped="0">
  <testcase classname="TestNG.Zz_practice" name="test2" time="0.554"/>
  <system-out/>
  <testcase classname="TestNG.Zz_practice" name="test1" time="0.883"/>
  <system-out/>
</testsuite> <!-- TestNG.Zz_practice -->
