<?xml version="1.0" encoding="UTF-8"?>
<!-- Generated by org.testng.reporters.JUnitReportReporter -->
<testsuite hostname="DESKTOP-LLMSC2K" failures="0" tests="1" name="TestNG.TestNG_Action_DatePicker" time="15.587" errors="0" timestamp="2023-01-23T15:34:43 IST" skipped="0">
  <testcase classname="TestNG.TestNG_Action_DatePicker" name="test" time="15.587"/>
  <system-out/>
</testsuite> <!-- TestNG.TestNG_Action_DatePicker -->
