<?xml version="1.0" encoding="UTF-8"?>
<!-- Generated by org.testng.reporters.JUnitReportReporter -->
<testsuite hostname="DESKTOP-LLMSC2K" failures="0" tests="5" name="TestNG.TestNG_demo" time="10.686" errors="0" timestamp="2023-01-15T12:36:01 IST" skipped="1">
  <testcase classname="TestNG.TestNG_demo" name="test1" time="1.483"/>
  <system-out/>
  <testcase classname="TestNG.TestNG_demo" name="test1" time="7.553"/>
  <system-out/>
  <testcase classname="TestNG.TestNG_demo" name="test1" time="0.790"/>
  <system-out/>
  <testcase classname="TestNG.TestNG_demo" name="test2" time="0.860"/>
  <system-out/>
  <testcase classname="TestNG.TestNG_demo" name="test3">
    <skipped/>
  </testcase> <!-- test3 -->
  <system-out/>
</testsuite> <!-- TestNG.TestNG_demo -->
